Flow report for huanshi
Tue Apr 03 19:32:08 2018
Quartus Prime Version 17.1.0 Build 590 10/25/2017 SJ Lite Edition


---------------------
; Table of Contents ;
---------------------
  1. Legal Notice
  2. Flow Summary
  3. Flow Settings
  4. Flow Non-Default Global Settings
  5. Flow Elapsed Time
  6. Flow OS Summary
  7. Flow Log
  8. Flow Messages
  9. Flow Suppressed Messages



----------------
; Legal Notice ;
----------------
Copyright (C) 2017  Intel Corporation. All rights reserved.
Your use of Intel Corporation's design tools, logic functions 
and other software and tools, and its AMPP partner logic 
functions, and any output files from any of the foregoing 
(including device programming or simulation files), and any 
associated documentation or information are expressly subject 
to the terms and conditions of the Intel Program License 
Subscription Agreement, the Intel Quartus Prime License Agreement,
the Intel FPGA IP License Agreement, or other applicable license
agreement, including, without limitation, that your use is for
the sole purpose of programming logic devices manufactured by
Intel and sold by Intel or its authorized distributors.  Please
refer to the applicable agreement for further details.



+-------------------------------------------------------------------------------+
; Flow Summary                                                                  ;
+---------------------------------+---------------------------------------------+
; Flow Status                     ; Successful - Tue Apr 03 19:32:08 2018       ;
; Quartus Prime Version           ; 17.1.0 Build 590 10/25/2017 SJ Lite Edition ;
; Revision Name                   ; huanshi                                     ;
; Top-level Entity Name           ; de10_huanshi                                ;
; Family                          ; Cyclone V                                   ;
; Device                          ; 5CSEBA6U23I7                                ;
; Timing Models                   ; Final                                       ;
; Logic utilization (in ALMs)     ; 8,888 / 41,910 ( 21 % )                     ;
; Total registers                 ; 5793                                        ;
; Total pins                      ; 96 / 314 ( 31 % )                           ;
; Total virtual pins              ; 0                                           ;
; Total block memory bits         ; 3,427,916 / 5,662,720 ( 61 % )              ;
; Total DSP Blocks                ; 106 / 112 ( 95 % )                          ;
; Total HSSI RX PCSs              ; 0                                           ;
; Total HSSI PMA RX Deserializers ; 0                                           ;
; Total HSSI TX PCSs              ; 0                                           ;
; Total HSSI PMA TX Serializers   ; 0                                           ;
; Total PLLs                      ; 0 / 6 ( 0 % )                               ;
; Total DLLs                      ; 0 / 4 ( 0 % )                               ;
+---------------------------------+---------------------------------------------+


+-----------------------------------------+
; Flow Settings                           ;
+-------------------+---------------------+
; Option            ; Setting             ;
+-------------------+---------------------+
; Start date & time ; 04/03/2018 19:19:41 ;
; Main task         ; Compilation         ;
; Revision Name     ; huanshi             ;
+-------------------+---------------------+


+-----------------------------------------------------------------------------------------------------------------------------------------------------------------------------------------------------------------------------------------------------------------------------------------------------------------------------------------------------------------------------------------------------------------------------------------------------------------------------------------------------------------------------------------------------------------+
; Flow Non-Default Global Settings                                                                                                                                                                                                                                                                                                                                                                                                                                                                                                                                ;
+-------------------------------------+-------------------------------------------------------------------------------------------------------------------------------------------------------------------------------------------------------------------------------------------------------------------------------------------------------------------------------------------------------------------------------------------------------------------------------------------------------------------------+---------------+--------------+------------------+
; Assignment Name                     ; Value                                                                                                                                                                                                                                                                                                                                                                                                                                                                   ; Default Value ; Entity Name  ; Section Id       ;
+-------------------------------------+-------------------------------------------------------------------------------------------------------------------------------------------------------------------------------------------------------------------------------------------------------------------------------------------------------------------------------------------------------------------------------------------------------------------------------------------------------------------------+---------------+--------------+------------------+
; COMPILER_SIGNATURE_ID               ; 143998288397.152275438002800                                                                                                                                                                                                                                                                                                                                                                                                                                            ; --            ; --           ; --               ;
; EDA_OUTPUT_DATA_FORMAT              ; Verilog Hdl                                                                                                                                                                                                                                                                                                                                                                                                                                                             ; --            ; --           ; eda_simulation   ;
; EDA_SIMULATION_TOOL                 ; ModelSim-Altera (Verilog)                                                                                                                                                                                                                                                                                                                                                                                                                                               ; <None>        ; --           ; --               ;
; EDA_TIME_SCALE                      ; 1 ps                                                                                                                                                                                                                                                                                                                                                                                                                                                                    ; --            ; --           ; eda_simulation   ;
; ENABLE_SIGNALTAP                    ; On                                                                                                                                                                                                                                                                                                                                                                                                                                                                      ; --            ; --           ; --               ;
; MAX_CORE_JUNCTION_TEMP              ; 100                                                                                                                                                                                                                                                                                                                                                                                                                                                                     ; --            ; --           ; --               ;
; MIN_CORE_JUNCTION_TEMP              ; -40                                                                                                                                                                                                                                                                                                                                                                                                                                                                     ; --            ; --           ; --               ;
; MISC_FILE                           ; IP/ram/ram_inst.v                                                                                                                                                                                                                                                                                                                                                                                                                                                       ; --            ; --           ; --               ;
; MISC_FILE                           ; IP/ram/ram_bb.v                                                                                                                                                                                                                                                                                                                                                                                                                                                         ; --            ; --           ; --               ;
; MISC_FILE                           ; IP/div/div_inst.v                                                                                                                                                                                                                                                                                                                                                                                                                                                       ; --            ; --           ; --               ;
; MISC_FILE                           ; IP/div/div_bb.v                                                                                                                                                                                                                                                                                                                                                                                                                                                         ; --            ; --           ; --               ;
; MISC_FILE                           ; IP/div_sign/div_sign_inst.v                                                                                                                                                                                                                                                                                                                                                                                                                                             ; --            ; --           ; --               ;
; MISC_FILE                           ; IP/div_sign/div_sign_bb.v                                                                                                                                                                                                                                                                                                                                                                                                                                               ; --            ; --           ; --               ;
; MISC_FILE                           ; IP/sqrt/sqrt_inst.v                                                                                                                                                                                                                                                                                                                                                                                                                                                     ; --            ; --           ; --               ;
; MISC_FILE                           ; IP/sqrt/sqrt_bb.v                                                                                                                                                                                                                                                                                                                                                                                                                                                       ; --            ; --           ; --               ;
; MISC_FILE                           ; IP/div_arctan/div_arctan_inst.v                                                                                                                                                                                                                                                                                                                                                                                                                                         ; --            ; --           ; --               ;
; MISC_FILE                           ; IP/div_arctan/div_arctan_bb.v                                                                                                                                                                                                                                                                                                                                                                                                                                           ; --            ; --           ; --               ;
; MISC_FILE                           ; ip/div_sincos/div_sincos_bb.v                                                                                                                                                                                                                                                                                                                                                                                                                                           ; --            ; --           ; --               ;
; PARTITION_COLOR                     ; -- (Not supported for targeted family)                                                                                                                                                                                                                                                                                                                                                                                                                                  ; --            ; de10_huanshi ; Top              ;
; PARTITION_FITTER_PRESERVATION_LEVEL ; -- (Not supported for targeted family)                                                                                                                                                                                                                                                                                                                                                                                                                                  ; --            ; de10_huanshi ; Top              ;
; PARTITION_NETLIST_TYPE              ; -- (Not supported for targeted family)                                                                                                                                                                                                                                                                                                                                                                                                                                  ; --            ; de10_huanshi ; Top              ;
; POWER_BOARD_THERMAL_MODEL           ; None (CONSERVATIVE)                                                                                                                                                                                                                                                                                                                                                                                                                                                     ; --            ; --           ; --               ;
; POWER_PRESET_COOLING_SOLUTION       ; 23 MM HEAT SINK WITH 200 LFPM AIRFLOW                                                                                                                                                                                                                                                                                                                                                                                                                                   ; --            ; --           ; --               ;
; PROJECT_OUTPUT_DIRECTORY            ; output_files                                                                                                                                                                                                                                                                                                                                                                                                                                                            ; --            ; --           ; --               ;
; SLD_FILE                            ; db/stp1_auto_stripped.stp                                                                                                                                                                                                                                                                                                                                                                                                                                               ; --            ; --           ; --               ;
; SLD_NODE_CREATOR_ID                 ; 110                                                                                                                                                                                                                                                                                                                                                                                                                                                                     ; --            ; --           ; auto_signaltap_0 ;
; SLD_NODE_ENTITY_NAME                ; sld_signaltap                                                                                                                                                                                                                                                                                                                                                                                                                                                           ; --            ; --           ; auto_signaltap_0 ;
; SLD_NODE_PARAMETER_ASSIGNMENT       ; SLD_RAM_BLOCK_TYPE=AUTO                                                                                                                                                                                                                                                                                                                                                                                                                                                 ; --            ; --           ; auto_signaltap_0 ;
; SLD_NODE_PARAMETER_ASSIGNMENT       ; SLD_NODE_INFO=805334528                                                                                                                                                                                                                                                                                                                                                                                                                                                 ; --            ; --           ; auto_signaltap_0 ;
; SLD_NODE_PARAMETER_ASSIGNMENT       ; SLD_POWER_UP_TRIGGER=0                                                                                                                                                                                                                                                                                                                                                                                                                                                  ; --            ; --           ; auto_signaltap_0 ;
; SLD_NODE_PARAMETER_ASSIGNMENT       ; SLD_ATTRIBUTE_MEM_MODE=OFF                                                                                                                                                                                                                                                                                                                                                                                                                                              ; --            ; --           ; auto_signaltap_0 ;
; SLD_NODE_PARAMETER_ASSIGNMENT       ; SLD_STATE_FLOW_USE_GENERATED=0                                                                                                                                                                                                                                                                                                                                                                                                                                          ; --            ; --           ; auto_signaltap_0 ;
; SLD_NODE_PARAMETER_ASSIGNMENT       ; SLD_STATE_BITS=11                                                                                                                                                                                                                                                                                                                                                                                                                                                       ; --            ; --           ; auto_signaltap_0 ;
; SLD_NODE_PARAMETER_ASSIGNMENT       ; SLD_BUFFER_FULL_STOP=1                                                                                                                                                                                                                                                                                                                                                                                                                                                  ; --            ; --           ; auto_signaltap_0 ;
; SLD_NODE_PARAMETER_ASSIGNMENT       ; SLD_CURRENT_RESOURCE_WIDTH=1                                                                                                                                                                                                                                                                                                                                                                                                                                            ; --            ; --           ; auto_signaltap_0 ;
; SLD_NODE_PARAMETER_ASSIGNMENT       ; SLD_INCREMENTAL_ROUTING=1                                                                                                                                                                                                                                                                                                                                                                                                                                               ; --            ; --           ; auto_signaltap_0 ;
; SLD_NODE_PARAMETER_ASSIGNMENT       ; SLD_TRIGGER_LEVEL=1                                                                                                                                                                                                                                                                                                                                                                                                                                                     ; --            ; --           ; auto_signaltap_0 ;
; SLD_NODE_PARAMETER_ASSIGNMENT       ; SLD_TRIGGER_PIPELINE=0                                                                                                                                                                                                                                                                                                                                                                                                                                                  ; --            ; --           ; auto_signaltap_0 ;
; SLD_NODE_PARAMETER_ASSIGNMENT       ; SLD_RAM_PIPELINE=0                                                                                                                                                                                                                                                                                                                                                                                                                                                      ; --            ; --           ; auto_signaltap_0 ;
; SLD_NODE_PARAMETER_ASSIGNMENT       ; SLD_COUNTER_PIPELINE=0                                                                                                                                                                                                                                                                                                                                                                                                                                                  ; --            ; --           ; auto_signaltap_0 ;
; SLD_NODE_PARAMETER_ASSIGNMENT       ; SLD_ADVANCED_TRIGGER_ENTITY=basic,1,                                                                                                                                                                                                                                                                                                                                                                                                                                    ; --            ; --           ; auto_signaltap_0 ;
; SLD_NODE_PARAMETER_ASSIGNMENT       ; SLD_TRIGGER_LEVEL_PIPELINE=1                                                                                                                                                                                                                                                                                                                                                                                                                                            ; --            ; --           ; auto_signaltap_0 ;
; SLD_NODE_PARAMETER_ASSIGNMENT       ; SLD_ENABLE_ADVANCED_TRIGGER=0                                                                                                                                                                                                                                                                                                                                                                                                                                           ; --            ; --           ; auto_signaltap_0 ;
; SLD_NODE_PARAMETER_ASSIGNMENT       ; SLD_STORAGE_QUALIFIER_INVERSION_MASK_LENGTH=0                                                                                                                                                                                                                                                                                                                                                                                                                           ; --            ; --           ; auto_signaltap_0 ;
; SLD_NODE_PARAMETER_ASSIGNMENT       ; SLD_TRIGGER_IN_ENABLED=0                                                                                                                                                                                                                                                                                                                                                                                                                                                ; --            ; --           ; auto_signaltap_0 ;
; SLD_NODE_PARAMETER_ASSIGNMENT       ; SLD_SEGMENT_SIZE=2048                                                                                                                                                                                                                                                                                                                                                                                                                                                   ; --            ; --           ; auto_signaltap_0 ;
; SLD_NODE_PARAMETER_ASSIGNMENT       ; SLD_SAMPLE_DEPTH=2048                                                                                                                                                                                                                                                                                                                                                                                                                                                   ; --            ; --           ; auto_signaltap_0 ;
; SLD_NODE_PARAMETER_ASSIGNMENT       ; SLD_DATA_BITS=137                                                                                                                                                                                                                                                                                                                                                                                                                                                       ; --            ; --           ; auto_signaltap_0 ;
; SLD_NODE_PARAMETER_ASSIGNMENT       ; SLD_TRIGGER_BITS=137                                                                                                                                                                                                                                                                                                                                                                                                                                                    ; --            ; --           ; auto_signaltap_0 ;
; SLD_NODE_PARAMETER_ASSIGNMENT       ; SLD_STORAGE_QUALIFIER_BITS=137                                                                                                                                                                                                                                                                                                                                                                                                                                          ; --            ; --           ; auto_signaltap_0 ;
; SLD_NODE_PARAMETER_ASSIGNMENT       ; SLD_INVERSION_MASK=0000000000000000000000000000000000000000000000000000000000000000000000000000000000000000000000000000000000000000000000000000000000000000000000000000000000000000000000000000000000000000000000000000000000000000000000000000000000000000000000000000000000000000000000000000000000000000000000000000000000000000000000000000000000000000000000000000000000000000000000000000000000000000000000000000000000000000000000000000000000000000000000000000 ; --            ; --           ; auto_signaltap_0 ;
; SLD_NODE_PARAMETER_ASSIGNMENT       ; SLD_INVERSION_MASK_LENGTH=436                                                                                                                                                                                                                                                                                                                                                                                                                                           ; --            ; --           ; auto_signaltap_0 ;
; TOP_LEVEL_ENTITY                    ; de10_huanshi                                                                                                                                                                                                                                                                                                                                                                                                                                                            ; huanshi       ; --           ; --               ;
; USE_SIGNALTAP_FILE                  ; stp1.stp                                                                                                                                                                                                                                                                                                                                                                                                                                                                ; --            ; --           ; --               ;
+-------------------------------------+-------------------------------------------------------------------------------------------------------------------------------------------------------------------------------------------------------------------------------------------------------------------------------------------------------------------------------------------------------------------------------------------------------------------------------------------------------------------------+---------------+--------------+------------------+


+-------------------------------------------------------------------------------------------------------------------------------+
; Flow Elapsed Time                                                                                                             ;
+---------------------------+--------------+-------------------------+---------------------+------------------------------------+
; Module Name               ; Elapsed Time ; Average Processors Used ; Peak Virtual Memory ; Total CPU Time (on all processors) ;
+---------------------------+--------------+-------------------------+---------------------+------------------------------------+
; Analysis & Synthesis      ; 00:02:57     ; 1.8                     ; 1132 MB             ; 00:03:57                           ;
; Fitter                    ; 00:06:28     ; 1.3                     ; 2840 MB             ; 00:14:08                           ;
; Assembler                 ; 00:00:32     ; 1.0                     ; 937 MB              ; 00:00:32                           ;
; TimeQuest Timing Analyzer ; 00:01:20     ; 2.2                     ; 1492 MB             ; 00:02:43                           ;
; EDA Netlist Writer        ; 00:00:19     ; 1.0                     ; 883 MB              ; 00:00:19                           ;
; Total                     ; 00:11:36     ; --                      ; --                  ; 00:21:39                           ;
+---------------------------+--------------+-------------------------+---------------------+------------------------------------+


+-----------------------------------------------------------------------------------------+
; Flow OS Summary                                                                         ;
+---------------------------+------------------+------------+------------+----------------+
; Module Name               ; Machine Hostname ; OS Name    ; OS Version ; Processor type ;
+---------------------------+------------------+------------+------------+----------------+
; Analysis & Synthesis      ; IPKESVDNBCD16ST  ; Windows 10 ; 10.0       ; x86_64         ;
; Fitter                    ; IPKESVDNBCD16ST  ; Windows 10 ; 10.0       ; x86_64         ;
; Assembler                 ; IPKESVDNBCD16ST  ; Windows 10 ; 10.0       ; x86_64         ;
; TimeQuest Timing Analyzer ; IPKESVDNBCD16ST  ; Windows 10 ; 10.0       ; x86_64         ;
; EDA Netlist Writer        ; IPKESVDNBCD16ST  ; Windows 10 ; 10.0       ; x86_64         ;
+---------------------------+------------------+------------+------------+----------------+


------------
; Flow Log ;
------------
quartus_map --read_settings_files=on --write_settings_files=off huanshi -c huanshi
quartus_fit --read_settings_files=off --write_settings_files=off huanshi -c huanshi
quartus_asm --read_settings_files=off --write_settings_files=off huanshi -c huanshi
quartus_sta huanshi -c huanshi
quartus_eda --read_settings_files=off --write_settings_files=off huanshi -c huanshi



